[09:39:55] [ServerMain/INFO]: Environment: Environment[sessionHost=https://sessionserver.mojang.com, servicesHost=https://api.minecraftservices.com, name=PROD]
[09:40:03] [ServerMain/INFO]: Loaded 7 recipes
[09:40:04] [ServerMain/INFO]: Loaded 1271 advancements
[09:40:05] [Server thread/INFO]: Starting minecraft server version 1.20.4
[09:40:05] [Server thread/INFO]: Loading properties
[09:40:05] [Server thread/INFO]: Default game type: ADVENTURE
[09:40:05] [Server thread/INFO]: Generating keypair
[09:40:06] [Server thread/INFO]: Starting Minecraft server on *:25565
[09:40:06] [Server thread/INFO]: Using epoll channel type
[09:40:06] [Server thread/WARN]: **** SERVER IS RUNNING IN OFFLINE/INSECURE MODE!
[09:40:06] [Server thread/WARN]: The server will make no attempt to authenticate usernames. Beware.
[09:40:06] [Server thread/WARN]: While this makes the game possible to play without internet access, it also opens up the ability for hackers to connect with any username they choose.
[09:40:06] [Server thread/WARN]: To change this, set "online-mode" to "true" in the server.properties file.
[09:40:07] [Server thread/INFO]: Preparing level "world"
[09:40:07] [Server thread/INFO]: Preparing start region for dimension minecraft:overworld
[09:40:13] [Worker-Main-4/INFO]: Preparing spawn area: 0%
[09:40:13] [Worker-Main-6/INFO]: Preparing spawn area: 0%
[09:40:13] [Worker-Main-4/INFO]: Preparing spawn area: 0%
[09:40:13] [Worker-Main-1/INFO]: Preparing spawn area: 0%
[09:40:13] [Worker-Main-1/INFO]: Preparing spawn area: 0%
[09:40:13] [Worker-Main-1/INFO]: Preparing spawn area: 0%
[09:40:13] [Worker-Main-4/INFO]: Preparing spawn area: 0%
[09:40:13] [Worker-Main-4/INFO]: Preparing spawn area: 0%
[09:40:13] [Worker-Main-1/INFO]: Preparing spawn area: 0%
[09:40:13] [Worker-Main-6/INFO]: Preparing spawn area: 0%
[09:40:13] [Worker-Main-6/INFO]: Preparing spawn area: 0%
[09:40:13] [Worker-Main-4/INFO]: Preparing spawn area: 0%
[09:40:14] [Worker-Main-4/INFO]: Preparing spawn area: 0%
[09:40:14] [Worker-Main-7/INFO]: Preparing spawn area: 0%
[09:40:15] [Worker-Main-4/INFO]: Preparing spawn area: 4%
[09:40:15] [Worker-Main-3/INFO]: Preparing spawn area: 10%
[09:40:16] [Worker-Main-3/INFO]: Preparing spawn area: 28%
[09:40:16] [Worker-Main-1/INFO]: Preparing spawn area: 48%
[09:40:17] [Worker-Main-7/INFO]: Preparing spawn area: 68%
[09:40:17] [Worker-Main-3/INFO]: Preparing spawn area: 96%
[09:40:17] [Server thread/INFO]: Time elapsed: 9597 ms
[09:40:17] [Server thread/INFO]: Done (10.576s)! For help, type "help"
[09:40:17] [Server thread/INFO]: Starting remote control listener
[09:40:17] [Server thread/INFO]: Thread RCON Listener started
[09:40:17] [Server thread/INFO]: RCON running on 0.0.0.0:25575
[09:40:52] [Server thread/INFO]: Mark898[/172.17.0.1:58360] logged in with entity id 1 at (172.67976507238237, -60.0, 241.34215325196053)
[09:40:52] [Server thread/INFO]: Mark898 joined the game
[09:40:59] [Server thread/INFO]: Mark898 lost connection: Disconnected
[09:40:59] [Server thread/INFO]: Mark898 left the game
[11:47:57] [RCON Listener #1/INFO]: Thread RCON Client /0:0:0:0:0:0:0:1 started
[11:47:59] [Server thread/INFO]: [Rcon: Stopping the server]
[11:47:59] [Server thread/INFO]: Stopping server
[11:47:59] [RCON Client /0:0:0:0:0:0:0:1 #2/INFO]: Thread RCON Client /0:0:0:0:0:0:0:1 shutting down
[11:47:59] [Server thread/INFO]: Saving players
[11:47:59] [Server thread/INFO]: Saving worlds
[11:48:00] [Server thread/INFO]: Saving chunks for level 'ServerLevel[UVT-CTF]'/minecraft:overworld
[11:48:01] [Server thread/INFO]: Saving chunks for level 'ServerLevel[UVT-CTF]'/minecraft:the_nether
[11:48:01] [Server thread/INFO]: Saving chunks for level 'ServerLevel[UVT-CTF]'/minecraft:the_end
[11:48:01] [Server thread/INFO]: ThreadedAnvilChunkStorage (world): All chunks are saved
[11:48:01] [Server thread/INFO]: ThreadedAnvilChunkStorage (DIM-1): All chunks are saved
[11:48:01] [Server thread/INFO]: ThreadedAnvilChunkStorage (DIM1): All chunks are saved
[11:48:01] [Server thread/INFO]: ThreadedAnvilChunkStorage: All dimensions are saved
[11:48:03] [Server thread/INFO]: Thread RCON Listener stopped
